Stage advance for pipe pipe INITIAL not ignoring container conflicts
Stage 0
  exact ixbar groups                  ternary ixbar groups
  C0C1A0B0........................  D0D1D2D3.. .. ..........
  ................................  .......... .. ..........
  ................................  .......... .. ..........
  ................................  .......... .. ..........
  ................................  .......... .. ..........
  ................................  .......... .. ..........
  ................................
  ................................
     A B17 (next_hop_0$gw)
     B B3 (ipv4_lpm_0$gw)
     C H16 (next_hop_0)
     D W0 (ipv4_lpm_0)
  hash select bits  Groups  hd  /- hash dist bits --- (Groups: -1 -1)
  A... ............  A0001  ... ................................................
  .... ............  .0000  ... ................................................
  .... ............  .0000  ... ................................................
  .... ............  .0000  ... ................................................
  .... ............  .0000  ... ................................................
  .... ............  .0000  ... ................................................
  .... ............  .0000  ... ................................................
  .... ............  .0000  ... ................................................
  .... ............         ... ................................................
  .... ............         ... ................................................
  .... ............         ... ................................................
  .... ............         ... ................................................
  .... ............         ... ................................................
  .... ............         ... ................................................
  .... ............         ... ................................................
  .... ............         ... ................................................
     A next_hop_0
  
  tc  sb  rb  tib ab  st  srams       mapram  ov  gw pay 2p
  A.  B.  ..  C.  ..  ..  C.........  ......  ..  B.  ..  .
  A.  ..  ..  ..  ..  ..  ..........  ......  ..  ..  ..  .
  ..  ..  ..  ..  ..  ..  ..........  ......  ..  ..  ..  .
  ..  ..  ..  ..  ..  ..  ..........  ......  ..  ..  ..  .
  ..  ..  ..  ..  ..  ..  ..........  ......  ..  ..  ..  .
  ..  ..  ..  ..  ..  ..  ..........  ......  ..  ..  ..  .
  ..  ..  ..  ..  ..  ..  ..........  ......  ..  ..  ..  .
  ..  F.  D.  ..  E.  ..  D...E.....  ......  ..  F.  ..  .
  ..                                                      
  ..                                                      
  ..                                                      
  ..                                                      
     A ipv4_lpm_0
     B ipv4_lpm_0$gw
     C ipv4_lpm_0$tind
     D next_hop_0
     E next_hop_0$action_data
     F next_hop_0$gw
  
